[INFO] Scanning for projects...
[INFO] 
[INFO] ---------------------< itss.group11:import-system >---------------------
[INFO] Building import-system 1.0-SNAPSHOT
[INFO]   from pom.xml
[INFO] --------------------------------[ jar ]---------------------------------
[INFO] 
[INFO] >>> javafx:0.0.8:run (default-cli) > process-classes @ import-system >>>
[WARNING] 6 problems were encountered while building the effective model for org.openjfx:javafx-controls:jar:21 during dependency collection step for project (use -X to see details)
[INFO] 
[INFO] --- resources:3.4.0:resources (default-resources) @ import-system ---
[INFO] Copying 8 resources from src\main\resources to target\classes
[INFO] 
[INFO] --- compiler:3.13.0:compile (default-compile) @ import-system ---
[WARNING] *********************************************************************************************************************************************
[WARNING] * Required filename-based automodules detected: [java-dotenv-5.2.2.jar]. Please don't publish this project to a public artifact repository! *
[WARNING] *********************************************************************************************************************************************
[INFO] Nothing to compile - all classes are up to date.
[INFO] 
[INFO] <<< javafx:0.0.8:run (default-cli) < process-classes @ import-system <<<
[INFO] 
[INFO] 
[INFO] --- javafx:0.0.8:run (default-cli) @ import-system ---
[WARNING] Required filename-based automodules detected. Please don't publish this project to a public artifact repository!

  .   ____          _            __ _ _
 /\\ / ___'_ __ _ _(_)_ __  __ _ \ \ \ \
( ( )\___ | '_ | '_| | '_ \/ _` | \ \ \ \
 \\/  ___)| |_)| | | | | || (_| |  ) ) ) )
  '  |____| .__|_| |_|_| |_\__, | / / / /
 =========|_|==============|___/=/_/_/_/

 :: Spring Boot ::                (v3.4.3)

2026-06-04T22:41:23.387+07:00  INFO 6404 --- [JavaFX-Launcher] o.s.boot.SpringApplication               : Starting application using Java 24.0.1 with PID 6404 (started by ADMIN in G:\hieu\ITSS Project\import-system)
2026-06-04T22:41:23.405+07:00  INFO 6404 --- [JavaFX-Launcher] o.s.boot.SpringApplication               : No active profile set, falling back to 1 default profile: "default"
2026-06-04T22:41:25.797+07:00  INFO 6404 --- [JavaFX-Launcher] .s.d.r.c.RepositoryConfigurationDelegate : Bootstrapping Spring Data JPA repositories in DEFAULT mode.
2026-06-04T22:41:26.272+07:00  INFO 6404 --- [JavaFX-Launcher] .s.d.r.c.RepositoryConfigurationDelegate : Finished Spring Data repository scanning in 451 ms. Found 11 JPA repository interfaces.
2026-06-04T22:41:27.844+07:00  INFO 6404 --- [JavaFX-Launcher] o.s.b.w.embedded.tomcat.TomcatWebServer  : Tomcat initialized with port 8080 (http)
2026-06-04T22:41:27.888+07:00  INFO 6404 --- [JavaFX-Launcher] o.apache.catalina.core.StandardService   : Starting service [Tomcat]
2026-06-04T22:41:27.889+07:00  INFO 6404 --- [JavaFX-Launcher] o.apache.catalina.core.StandardEngine    : Starting Servlet engine: [Apache Tomcat/10.1.36]
2026-06-04T22:41:28.033+07:00  INFO 6404 --- [JavaFX-Launcher] o.a.c.c.C.[Tomcat].[localhost].[/]       : Initializing Spring embedded WebApplicationContext
2026-06-04T22:41:28.035+07:00  INFO 6404 --- [JavaFX-Launcher] w.s.c.ServletWebServerApplicationContext : Root WebApplicationContext: initialization completed in 4460 ms
2026-06-04T22:41:28.956+07:00  INFO 6404 --- [JavaFX-Launcher] o.hibernate.jpa.internal.util.LogHelper  : HHH000204: Processing PersistenceUnitInfo [name: default]
2026-06-04T22:41:29.174+07:00  INFO 6404 --- [JavaFX-Launcher] org.hibernate.Version                    : HHH000412: Hibernate ORM core version [WORKING]
2026-06-04T22:41:29.299+07:00  INFO 6404 --- [JavaFX-Launcher] o.h.c.internal.RegionFactoryInitiator    : HHH000026: Second-level cache disabled
2026-06-04T22:41:30.366+07:00  INFO 6404 --- [JavaFX-Launcher] o.s.o.j.p.SpringPersistenceUnitInfo      : No LoadTimeWeaver setup: ignoring JPA class transformer
2026-06-04T22:41:30.442+07:00  INFO 6404 --- [JavaFX-Launcher] com.zaxxer.hikari.HikariDataSource       : HikariPool-1 - Starting...
2026-06-04T22:41:32.517+07:00  INFO 6404 --- [JavaFX-Launcher] com.zaxxer.hikari.HikariDataSource       : HikariPool-1 - Start completed.
2026-06-04T22:41:34.049+07:00  INFO 6404 --- [JavaFX-Launcher] org.hibernate.orm.connections.pooling    : HHH10001005: Database info:
	Database JDBC URL [Connecting through datasource 'HikariDataSource (HikariPool-1)']
	Database driver: undefined/unknown
	Database version: 17.6
	Autocommit mode: undefined/unknown
	Isolation level: undefined/unknown
	Minimum pool size: undefined/unknown
	Maximum pool size: undefined/unknown
2026-06-04T22:41:36.619+07:00  INFO 6404 --- [JavaFX-Launcher] o.h.e.t.j.p.i.JtaPlatformInitiator       : HHH000489: No JTA platform available (set 'hibernate.transaction.jta.platform' to enable JTA platform integration)
2026-06-04T22:41:36.626+07:00  INFO 6404 --- [JavaFX-Launcher] j.LocalContainerEntityManagerFactoryBean : Initialized JPA EntityManagerFactory for persistence unit 'default'
2026-06-04T22:41:37.516+07:00  INFO 6404 --- [JavaFX-Launcher] o.s.d.j.r.query.QueryEnhancerFactory     : Hibernate is in classpath; If applicable, HQL parser will be used.
2026-06-04T22:41:41.736+07:00  INFO 6404 --- [JavaFX-Launcher] o.s.b.w.embedded.tomcat.TomcatWebServer  : Tomcat started on port 8080 (http) with context path '/'
2026-06-04T22:41:41.765+07:00  INFO 6404 --- [JavaFX-Launcher] o.s.boot.SpringApplication               : Started application in 19.457 seconds (process running for 22.084)
