[INFO] Scanning for projects...
[INFO] 
[INFO] ---------------------< itss.group11:import-system >---------------------
[INFO] Building import-system 1.0-SNAPSHOT
[INFO]   from pom.xml
[INFO] --------------------------------[ jar ]---------------------------------
[INFO] 
[INFO] >>> javafx:0.0.8:run (default-cli) > process-classes @ import-system >>>
[WARNING] 6 problems were encountered while building the effective model for org.openjfx:javafx-controls:jar:21 during dependency collection step for project (use -X to see details)
[INFO] 
[INFO] --- resources:3.4.0:resources (default-resources) @ import-system ---
[INFO] Copying 8 resources from src\main\resources to target\classes
[INFO] 
[INFO] --- compiler:3.13.0:compile (default-compile) @ import-system ---
[WARNING] *********************************************************************************************************************************************
[WARNING] * Required filename-based automodules detected: [java-dotenv-5.2.2.jar]. Please don't publish this project to a public artifact repository! *
[WARNING] *********************************************************************************************************************************************
[INFO] Nothing to compile - all classes are up to date.
[INFO] 
[INFO] <<< javafx:0.0.8:run (default-cli) < process-classes @ import-system <<<
[INFO] 
[INFO] 
[INFO] --- javafx:0.0.8:run (default-cli) @ import-system ---
[WARNING] Required filename-based automodules detected. Please don't publish this project to a public artifact repository!

  .   ____          _            __ _ _
 /\\ / ___'_ __ _ _(_)_ __  __ _ \ \ \ \
( ( )\___ | '_ | '_| | '_ \/ _` | \ \ \ \
 \\/  ___)| |_)| | | | | || (_| |  ) ) ) )
  '  |____| .__|_| |_|_| |_\__, | / / / /
 =========|_|==============|___/=/_/_/_/

 :: Spring Boot ::                (v3.4.3)

2026-06-04T22:29:48.066+07:00  INFO 25012 --- [JavaFX-Launcher] o.s.boot.SpringApplication               : Starting application using Java 24.0.1 with PID 25012 (started by ADMIN in G:\hieu\ITSS Project\import-system)
2026-06-04T22:29:48.074+07:00  INFO 25012 --- [JavaFX-Launcher] o.s.boot.SpringApplication               : No active profile set, falling back to 1 default profile: "default"
2026-06-04T22:29:51.216+07:00  INFO 25012 --- [JavaFX-Launcher] .s.d.r.c.RepositoryConfigurationDelegate : Bootstrapping Spring Data JPA repositories in DEFAULT mode.
2026-06-04T22:29:51.778+07:00  INFO 25012 --- [JavaFX-Launcher] .s.d.r.c.RepositoryConfigurationDelegate : Finished Spring Data repository scanning in 532 ms. Found 11 JPA repository interfaces.
